2024-06-21 16:15:19,579 - INFO - Starting log collector service
2024-06-21 16:15:19,594 - INFO - [31m[1mWARNING: This is a development server. Do not use it in a production deployment. Use a production WSGI server instead.[0m
 * Running on http://127.0.0.1:5000
2024-06-21 16:15:19,594 - INFO - [33mPress CTRL+C to quit[0m
2024-06-21 16:15:19,597 - INFO -  * Restarting with stat
2024-06-21 16:15:19,843 - INFO - Starting log collector service
2024-06-21 16:15:19,849 - WARNING -  * Debugger is active!
2024-06-21 16:15:19,853 - INFO -  * Debugger PIN: 962-108-367
2024-06-21 16:15:32,073 - INFO - Received request to /collect-log endpoint
2024-06-21 16:15:32,788 - INFO - Processing logs for type: Combined Logs
2024-06-21 16:15:33,296 - INFO - Inserting chunk of size 16863990 bytes
2024-06-21 16:15:33,351 - ERROR - Failed to insert logs for Combined Logs: BSON document too large (17410566 bytes) - the connected server supports BSON document sizes up to 16793598 bytes.
2024-06-21 16:15:33,429 - INFO - Inserting chunk of size 16873276 bytes
2024-06-21 16:15:33,498 - ERROR - Failed to insert logs for Combined Logs: BSON document too large (17596487 bytes) - the connected server supports BSON document sizes up to 16793598 bytes.
2024-06-21 16:15:33,574 - INFO - Inserting chunk of size 16849976 bytes
2024-06-21 16:15:33,645 - ERROR - Failed to insert logs for Combined Logs: BSON document too large (17398476 bytes) - the connected server supports BSON document sizes up to 16793598 bytes.
2024-06-21 16:15:33,723 - INFO - Inserting chunk of size 16856170 bytes
2024-06-21 16:15:33,777 - ERROR - Failed to insert logs for Combined Logs: BSON document too large (17971905 bytes) - the connected server supports BSON document sizes up to 16793598 bytes.
2024-06-21 16:15:33,852 - INFO - Inserting chunk of size 16855010 bytes
2024-06-21 16:15:33,915 - ERROR - Failed to insert logs for Combined Logs: BSON document too large (17558890 bytes) - the connected server supports BSON document sizes up to 16793598 bytes.
2024-06-21 16:15:33,951 - INFO - Inserting chunk of size 7914587 bytes
2024-06-21 16:15:34,027 - INFO - Successfully inserted logs for Combined Logs
2024-06-21 16:15:34,027 - INFO - 127.0.0.1 - - [21/Jun/2024 16:15:34] "POST /collect-log HTTP/1.1" 200 -
2024-06-21 16:16:25,838 - INFO -  * Detected change in 'C:\\Users\\Akhil\\project-k\\log_collector.py', reloading
2024-06-21 16:16:26,258 - INFO -  * Restarting with stat
2024-06-21 16:16:26,528 - INFO - Starting log collector service
2024-06-21 16:16:26,534 - WARNING -  * Debugger is active!
2024-06-21 16:16:26,538 - INFO -  * Debugger PIN: 962-108-367
2024-06-21 16:16:37,546 - INFO - Starting log collector service
2024-06-21 16:16:37,557 - INFO - [31m[1mWARNING: This is a development server. Do not use it in a production deployment. Use a production WSGI server instead.[0m
 * Running on http://127.0.0.1:5000
2024-06-21 16:16:37,558 - INFO - [33mPress CTRL+C to quit[0m
2024-06-21 16:16:37,561 - INFO -  * Restarting with stat
2024-06-21 16:16:37,846 - INFO - Starting log collector service
2024-06-21 16:16:37,854 - WARNING -  * Debugger is active!
2024-06-21 16:16:37,859 - INFO -  * Debugger PIN: 962-108-367
2024-06-21 16:16:49,415 - INFO - Received request to /collect-log endpoint
2024-06-21 16:16:50,068 - INFO - Processing logs for type: Combined Logs
2024-06-21 16:16:50,537 - INFO - Inserting chunk of size 15819968 bytes
2024-06-21 16:16:50,624 - INFO - Successfully inserted logs for Combined Logs
2024-06-21 16:16:50,701 - INFO - Inserting chunk of size 15829083 bytes
2024-06-21 16:16:50,903 - INFO - Successfully inserted logs for Combined Logs
2024-06-21 16:16:50,979 - INFO - Inserting chunk of size 15820262 bytes
2024-06-21 16:16:51,225 - INFO - Successfully inserted logs for Combined Logs
2024-06-21 16:16:51,301 - INFO - Inserting chunk of size 15815633 bytes
2024-06-21 16:16:51,492 - INFO - Successfully inserted logs for Combined Logs
2024-06-21 16:16:51,571 - INFO - Inserting chunk of size 15806395 bytes
2024-06-21 16:16:51,726 - INFO - Successfully inserted logs for Combined Logs
2024-06-21 16:16:51,787 - INFO - Inserting chunk of size 13123386 bytes
2024-06-21 16:16:51,945 - INFO - Successfully inserted logs for Combined Logs
2024-06-21 16:16:51,949 - INFO - 127.0.0.1 - - [21/Jun/2024 16:16:51] "POST /collect-log HTTP/1.1" 200 -
